2013/06/13 15:30:21: Stopping Dicoogle Web
2013/06/13 15:30:21: Stopping Dicoogle WebService
2013/06/13 16:00:35: Stopping Dicoogle Web
2013/06/13 16:00:35: Stopping Dicoogle WebService
2013/06/13 16:07:51: Stopping Dicoogle Web
2013/06/13 16:07:51: Stopping Dicoogle WebService
2013/06/13 16:11:21: Stopping Dicoogle Web
2013/06/13 16:11:21: Stopping Dicoogle WebService
2013/06/13 16:17:32: Stopping Dicoogle Web
2013/06/13 16:17:32: Stopping Dicoogle WebService
2013/06/13 16:21:44: Start indexing: D:\stuff\SampleStudyBase
2013/06/13 16:34:42: Index tasks completed
2013/06/13 16:35:47: Stopping Dicoogle Web
2013/06/13 16:35:47: Stopping Dicoogle WebService
2013/06/13 16:37:15: Stopping Dicoogle Web
2013/06/13 16:37:15: Stopping Dicoogle WebService
2013/06/15 22:38:57: Starting Dicoogle WebServices
2013/06/15 22:38:58: Starting Dicoogle Web
2013/06/15 22:38:59: Starting DICOM QueryRetrive
2013/06/15 22:39:00: Starting DICOM Storage SCP
2013/06/15 22:39:18: Stopping DICOM Storage SCP
2013/06/15 22:39:18: Stopping DICOM QueryRetrive
2013/06/15 22:39:18: Stopping Dicoogle Web
2013/06/15 22:39:18: Stopping Dicoogle WebService
2013/06/15 23:31:07: Stopping Dicoogle Web
2013/06/15 23:31:07: Stopping Dicoogle WebService
2013/06/15 23:32:59: Stopping Dicoogle Web
2013/06/15 23:32:59: Stopping Dicoogle WebService
2013/06/15 23:36:02: Stopping Dicoogle Web
2013/06/15 23:36:02: Stopping Dicoogle WebService
2013/06/16 15:39:15: Stopping Dicoogle Web
2013/06/16 15:39:15: Stopping Dicoogle WebService
2013/06/16 15:40:50: Stopping Dicoogle Web
2013/06/16 15:40:50: Stopping Dicoogle WebService
2013/06/16 15:41:38: Stopping Dicoogle Web
2013/06/16 15:41:38: Stopping Dicoogle WebService
2013/06/16 15:42:21: Stopping Dicoogle Web
2013/06/16 15:42:21: Stopping Dicoogle WebService
2013/06/16 16:01:24: Stopping Dicoogle Web
2013/06/16 16:01:24: Stopping Dicoogle WebService
2013/06/16 16:03:16: Stopping Dicoogle Web
2013/06/16 16:03:16: Stopping Dicoogle WebService
